{"C:\\Users\\haeje\\dev\\vending-machine\\test.js":{"path":"C:\\Users\\haeje\\dev\\vending-machine\\test.js","s":{"1":1,"2":1,"3":1,"4":1,"5":1,"6":1,"7":1,"8":1,"9":1,"10":1,"11":1,"12":1,"13":1,"14":1,"15":1,"16":1,"17":1,"18":1,"19":1,"20":1,"21":1,"22":1,"23":1},"b":{"1":[1,0],"2":[1,1],"3":[1,0],"4":[1,1]},"f":{"1":1,"2":1,"3":1,"4":1},"fnMap":{"1":{"name":"(anonymous_1)","line":12,"loc":{"start":{"line":12,"column":55},"end":{"line":12,"column":71}}},"2":{"name":"(anonymous_2)","line":18,"loc":{"start":{"line":18,"column":60},"end":{"line":18,"column":76}}},"3":{"name":"(anonymous_3)","line":24,"loc":{"start":{"line":24,"column":59},"end":{"line":24,"column":75}}},"4":{"name":"(anonymous_4)","line":30,"loc":{"start":{"line":30,"column":75},"end":{"line":30,"column":92}}}},"statementMap":{"1":{"start":{"line":4,"column":0},"end":{"line":10,"column":3}},"2":{"start":{"line":5,"column":4},"end":{"line":5,"column":35},"skip":true},"3":{"start":{"line":7,"column":4},"end":{"line":7,"column":26},"skip":true},"4":{"start":{"line":8,"column":4},"end":{"line":8,"column":45},"skip":true},"5":{"start":{"line":9,"column":4},"end":{"line":9,"column":43},"skip":true},"6":{"start":{"line":12,"column":0},"end":{"line":16,"column":5}},"7":{"start":{"line":13,"column":4},"end":{"line":13,"column":35}},"8":{"start":{"line":14,"column":4},"end":{"line":14,"column":24}},"9":{"start":{"line":15,"column":4},"end":{"line":15,"column":39}},"10":{"start":{"line":18,"column":2},"end":{"line":22,"column":5}},"11":{"start":{"line":19,"column":4},"end":{"line":19,"column":37}},"12":{"start":{"line":20,"column":4},"end":{"line":20,"column":35}},"13":{"start":{"line":21,"column":4},"end":{"line":21,"column":39}},"14":{"start":{"line":24,"column":2},"end":{"line":28,"column":4}},"15":{"start":{"line":25,"column":6},"end":{"line":25,"column":39}},"16":{"start":{"line":26,"column":6},"end":{"line":26,"column":37}},"17":{"start":{"line":27,"column":6},"end":{"line":27,"column":41}},"18":{"start":{"line":30,"column":2},"end":{"line":34,"column":3}},"19":{"start":{"line":31,"column":4},"end":{"line":31,"column":36}},"20":{"start":{"line":32,"column":4},"end":{"line":32,"column":51}},"21":{"start":{"line":33,"column":4},"end":{"line":33,"column":39}},"22":{"start":{"line":38,"column":0},"end":{"line":38,"column":70},"skip":true},"23":{"start":{"line":38,"column":55},"end":{"line":38,"column":68},"skip":true}},"branchMap":{"1":{"line":4,"type":"if","locations":[{"start":{"line":4,"column":0},"end":{"line":4,"column":0},"skip":true},{"start":{"line":4,"column":0},"end":{"line":4,"column":0}}]},"2":{"line":4,"type":"binary-expr","locations":[{"start":{"line":4,"column":4},"end":{"line":4,"column":33}},{"start":{"line":4,"column":37},"end":{"line":4,"column":51}}]},"3":{"line":38,"type":"if","locations":[{"start":{"line":38,"column":0},"end":{"line":38,"column":0},"skip":true},{"start":{"line":38,"column":0},"end":{"line":38,"column":0},"skip":true}]},"4":{"line":38,"type":"binary-expr","locations":[{"start":{"line":38,"column":4},"end":{"line":38,"column":33},"skip":true},{"start":{"line":38,"column":37},"end":{"line":38,"column":51},"skip":true}]}}},"C:\\Users\\haeje\\dev\\vending-machine\\change.js":{"path":"C:\\Users\\haeje\\dev\\vending-machine\\change.js","s":{"1":1,"2":1,"3":1,"4":4,"5":0,"6":4,"7":4,"8":4,"9":3,"10":24,"11":16,"12":16,"13":4,"14":0,"15":0,"16":0,"17":0,"18":4,"19":1,"20":1},"b":{"1":[0,4],"2":[3,1],"3":[0,4],"4":[1,0],"5":[1,1]},"f":{"1":4},"fnMap":{"1":{"name":"getChange","line":4,"loc":{"start":{"line":4,"column":0},"end":{"line":4,"column":42}}}},"statementMap":{"1":{"start":{"line":1,"column":0},"end":{"line":1,"column":35}},"2":{"start":{"line":3,"column":0},"end":{"line":3,"column":46}},"3":{"start":{"line":4,"column":0},"end":{"line":25,"column":1}},"4":{"start":{"line":5,"column":4},"end":{"line":5,"column":41}},"5":{"start":{"line":5,"column":34},"end":{"line":5,"column":41}},"6":{"start":{"line":6,"column":4},"end":{"line":6,"column":47}},"7":{"start":{"line":7,"column":4},"end":{"line":7,"column":20}},"8":{"start":{"line":9,"column":4},"end":{"line":16,"column":5}},"9":{"start":{"line":10,"column":8},"end":{"line":15,"column":10}},"10":{"start":{"line":11,"column":12},"end":{"line":14,"column":13}},"11":{"start":{"line":12,"column":20},"end":{"line":12,"column":41}},"12":{"start":{"line":13,"column":20},"end":{"line":13,"column":38}},"13":{"start":{"line":17,"column":4},"end":{"line":24,"column":7}},"14":{"start":{"line":18,"column":8},"end":{"line":18,"column":29}},"15":{"start":{"line":19,"column":8},"end":{"line":19,"column":52}},"16":{"start":{"line":19,"column":37},"end":{"line":19,"column":51}},"17":{"start":{"line":20,"column":8},"end":{"line":20,"column":19}},"18":{"start":{"line":23,"column":8},"end":{"line":23,"column":22}},"19":{"start":{"line":30,"column":0},"end":{"line":32,"column":3},"skip":true},"20":{"start":{"line":31,"column":4},"end":{"line":31,"column":31},"skip":true}},"branchMap":{"1":{"line":5,"type":"if","locations":[{"start":{"line":5,"column":4},"end":{"line":5,"column":4}},{"start":{"line":5,"column":4},"end":{"line":5,"column":4}}]},"2":{"line":9,"type":"if","locations":[{"start":{"line":9,"column":4},"end":{"line":9,"column":4}},{"start":{"line":9,"column":4},"end":{"line":9,"column":4}}]},"3":{"line":17,"type":"if","locations":[{"start":{"line":17,"column":4},"end":{"line":17,"column":4}},{"start":{"line":17,"column":4},"end":{"line":17,"column":4}}]},"4":{"line":30,"type":"if","locations":[{"start":{"line":30,"column":0},"end":{"line":30,"column":0},"skip":true},{"start":{"line":30,"column":0},"end":{"line":30,"column":0},"skip":true}]},"5":{"line":30,"type":"binary-expr","locations":[{"start":{"line":30,"column":4},"end":{"line":30,"column":33},"skip":true},{"start":{"line":30,"column":37},"end":{"line":30,"column":51},"skip":true}]}}}}