TN:
SF:C:\Users\haeje\dev\vending-machine\test.js
FN:12,(anonymous_1)
FN:18,(anonymous_2)
FN:24,(anonymous_3)
FN:30,(anonymous_4)
FNF:4
FNH:4
FNDA:1,(anonymous_1)
FNDA:1,(anonymous_2)
FNDA:1,(anonymous_3)
FNDA:1,(anonymous_4)
DA:4,1
DA:5,1
DA:7,1
DA:8,1
DA:9,1
DA:12,1
DA:13,1
DA:14,1
DA:15,1
DA:18,1
DA:19,1
DA:20,1
DA:21,1
DA:24,1
DA:25,1
DA:26,1
DA:27,1
DA:30,1
DA:31,1
DA:32,1
DA:33,1
DA:38,1
LF:22
LH:22
BRDA:4,1,0,1
BRDA:4,1,1,0
BRDA:4,2,0,1
BRDA:4,2,1,1
BRDA:38,3,0,1
BRDA:38,3,1,0
BRDA:38,4,0,1
BRDA:38,4,1,1
BRF:8
BRH:7
end_of_record
TN:
SF:C:\Users\haeje\dev\vending-machine\change.js
FN:4,getChange
FNF:1
FNH:1
FNDA:4,getChange
DA:1,1
DA:3,1
DA:4,1
DA:5,4
DA:6,4
DA:7,4
DA:9,4
DA:10,3
DA:11,24
DA:12,16
DA:13,16
DA:17,4
DA:18,0
DA:19,0
DA:20,0
DA:23,4
DA:30,1
DA:31,1
LF:18
LH:15
BRDA:5,1,0,0
BRDA:5,1,1,4
BRDA:9,2,0,3
BRDA:9,2,1,1
BRDA:17,3,0,0
BRDA:17,3,1,4
BRDA:30,4,0,1
BRDA:30,4,1,0
BRDA:30,5,0,1
BRDA:30,5,1,1
BRF:10
BRH:8
end_of_record
